<?xml version="1.0" encoding="UTF-8"?>
<testsuite name="com.server.ApplicationTest" tests="1" skipped="0" failures="0" errors="0" timestamp="2023-12-01T18:58:52" hostname="v1040-wn-rt-a-106-83.campus-dynamic.uwaterloo.ca" time="0.366">
  <properties/>
  <testcase name="testRoot" classname="com.server.ApplicationTest" time="0.366"/>
  <system-out><![CDATA[2023-12-01 13:58:52.445 [Test worker @coroutine#1] TRACE i.ktor.client.plugins.HttpPlainText - Adding Accept-Charset=UTF-8 to http:///
2023-12-01 13:58:52.476 [DefaultDispatcher-worker-1 @call-context#2] INFO  ktor.test - No ktor.deployment.watch patterns specified, automatic reload is not active.
2023-12-01 13:58:52.517 [DefaultDispatcher-worker-1 @call-context#2] INFO  ktor.test - Application started in 0.054 seconds.
2023-12-01 13:58:52.554 [DefaultDispatcher-worker-1 @request#2] TRACE io.ktor.routing.Routing - Trace for []
/, segment:0 -> SUCCESS @ /
  /, segment:0 -> SUCCESS @ /
    /(method:GET), segment:0 -> SUCCESS @ /(method:GET)
  /get_all_users, segment:0 -> FAILURE "Selector didn't match" @ /get_all_users
  /get_user_friends, segment:0 -> FAILURE "Selector didn't match" @ /get_user_friends
  /get_user_posts, segment:0 -> FAILURE "Selector didn't match" @ /get_user_posts
  /get_user_data, segment:0 -> FAILURE "Selector didn't match" @ /get_user_data
  /get_profile, segment:0 -> FAILURE "Selector didn't match" @ /get_profile
  /get_posts, segment:0 -> FAILURE "Selector didn't match" @ /get_posts
  /banana_post, segment:0 -> FAILURE "Selector didn't match" @ /banana_post
  /delete_post, segment:0 -> FAILURE "Selector didn't match" @ /delete_post
  /add_friend, segment:0 -> FAILURE "Selector didn't match" @ /add_friend
  /remove_friend, segment:0 -> FAILURE "Selector didn't match" @ /remove_friend
  /add_comment, segment:0 -> FAILURE "Selector didn't match" @ /add_comment
  /delete_comment, segment:0 -> FAILURE "Selector didn't match" @ /delete_comment
  /edit_comment, segment:0 -> FAILURE "Selector didn't match" @ /edit_comment
  /get_comments, segment:0 -> FAILURE "Selector didn't match" @ /get_comments
  /like_post, segment:0 -> FAILURE "Selector didn't match" @ /like_post
  /unlike_post, segment:0 -> FAILURE "Selector didn't match" @ /unlike_post
  /edit_post_caption, segment:0 -> FAILURE "Selector didn't match" @ /edit_post_caption
  /post_post, segment:0 -> FAILURE "Selector didn't match" @ /post_post
  /create_user, segment:0 -> FAILURE "Selector didn't match" @ /create_user
Matched routes:
  "" -> "<slash>" -> "(method:GET)"
Route resolve result:
  SUCCESS @ /(method:GET)
2023-12-01 13:58:52.568 [Test worker @coroutine#1] TRACE i.k.client.plugins.HttpCallValidator - Validating response for request http://localhost/
2023-12-01 13:58:52.568 [Test worker @coroutine#1] TRACE i.k.c.p.DefaultResponseValidation - Skipping default response validation for http://localhost/
2023-12-01 13:58:52.663 [Test worker @coroutine#1] TRACE i.k.c.plugins.defaultTransformers - Transformed with default transformers response body for http://localhost/ to class io.ktor.utils.io.core.ByteReadPacket
]]></system-out>
  <system-err><![CDATA[]]></system-err>
</testsuite>
